<?xml version="1.0" encoding="UTF-8"?>
<!-- Generated by org.testng.reporters.JUnitXMLReporter -->
<testsuite ignored="5" hostname="AILT-100286" failures="0" tests="6" name="Test" time="308.677" errors="0" timestamp="2023-04-25T09:51:55 IST">
  <testcase classname="com.utilities.BaseClass" name="@AfterMethod getResult" time="0.004">
    <failure type="java.lang.NullPointerException">
      <![CDATA[java.lang.NullPointerException
at com.utilities.BaseClass.getResult(BaseClass.java:145)
at java.base/java.util.ArrayList.forEach(ArrayList.java:1511)
... Removed 32 stack frames]]>
    </failure>
  </testcase> <!-- @AfterMethod getResult -->
  <testcase classname="com.utilities.BaseClass" name="@AfterMethod getResult" time="0.0">
    <failure type="java.lang.NullPointerException">
      <![CDATA[java.lang.NullPointerException
at com.utilities.BaseClass.getResult(BaseClass.java:145)
at java.base/java.util.ArrayList.forEach(ArrayList.java:1511)
... Removed 32 stack frames]]>
    </failure>
  </testcase> <!-- @AfterMethod getResult -->
  <testcase classname="com.utilities.BaseClass" name="@AfterMethod getResult" time="0.001">
    <failure type="java.lang.NullPointerException">
      <![CDATA[java.lang.NullPointerException
at com.utilities.BaseClass.getResult(BaseClass.java:145)
at java.base/java.util.ArrayList.forEach(ArrayList.java:1511)
... Removed 32 stack frames]]>
    </failure>
  </testcase> <!-- @AfterMethod getResult -->
  <testcase classname="com.utilities.BaseClass" name="@AfterMethod getResult" time="0.0">
    <failure type="java.lang.NullPointerException">
      <![CDATA[java.lang.NullPointerException
at com.utilities.BaseClass.getResult(BaseClass.java:145)
at java.base/java.util.ArrayList.forEach(ArrayList.java:1511)
... Removed 32 stack frames]]>
    </failure>
  </testcase> <!-- @AfterMethod getResult -->
  <testcase classname="com.utilities.BaseClass" name="@AfterMethod getResult" time="0.0">
    <failure type="java.lang.NullPointerException">
      <![CDATA[java.lang.NullPointerException
at com.utilities.BaseClass.getResult(BaseClass.java:145)
at java.base/java.util.ArrayList.forEach(ArrayList.java:1511)
... Removed 32 stack frames]]>
    </failure>
  </testcase> <!-- @AfterMethod getResult -->
  <testcase classname="com.utilities.BaseClass" name="@AfterMethod getResult" time="0.001">
    <failure type="java.lang.NullPointerException">
      <![CDATA[java.lang.NullPointerException
at com.utilities.BaseClass.getResult(BaseClass.java:145)
at java.base/java.util.ArrayList.forEach(ArrayList.java:1511)
... Removed 32 stack frames]]>
    </failure>
  </testcase> <!-- @AfterMethod getResult -->
  <testcase classname="Transactions_Positive.TC_01_Purchase_Order_Entry" name="Purchase_Order_Entry" time="43.827"/>
  <testcase classname="Transactions_Release.TC_01_Purchase_Order_Entry_Release" name="Purchase_Order_Entry_Release" time="40.445"/>
  <testcase classname="Transactions_Positive.TC_02_Good_Recipt_With_PO" name="Ordertypr" time="103.202"/>
  <testcase classname="Transactions_Release.TC_02_Good_Recipt_With_PO_Release" name="Ordertypr" time="40.366"/>
  <testcase classname="Transactions_Positive.TC_04_Quality_Inspection1" name="Quality_Inspection" time="12.15"/>
  <testcase classname="Transactions_Release.TC_03_Quality_Inspection_Release" name="Ordertypr" time="40.949"/>
  <testcase classname="com.utilities.BaseClass" name="@BeforeTest ExtentReport" time="0.0">
    <ignored/>
  </testcase> <!-- @BeforeTest ExtentReport -->
  <testcase classname="com.utilities.BaseClass" name="@BeforeTest ExtentReport" time="0.0">
    <ignored/>
  </testcase> <!-- @BeforeTest ExtentReport -->
  <testcase classname="com.utilities.BaseClass" name="@BeforeTest ExtentReport" time="0.0">
    <ignored/>
  </testcase> <!-- @BeforeTest ExtentReport -->
  <testcase classname="com.utilities.BaseClass" name="@BeforeTest ExtentReport" time="0.0">
    <ignored/>
  </testcase> <!-- @BeforeTest ExtentReport -->
  <testcase classname="com.utilities.BaseClass" name="@BeforeTest ExtentReport" time="0.0">
    <ignored/>
  </testcase> <!-- @BeforeTest ExtentReport -->
</testsuite> <!-- Test -->
